# JRE version: OpenJDK Runtime Environment Temurin-17.0.4+8 (17.0.4+8) (build 17.0.4+8)
# Java VM: OpenJDK 64-Bit Server VM Temurin-17.0.4+8 (17.0.4+8, mixed mode, tiered, compressed oops, compressed class ptrs, g1 gc, windows-amd64)
GC Precious Log:
 CPUs: 2 total, 2 available
 Memory: 8190M
 Large Page Support: Disabled
 NUMA Support: Disabled
 Compressed Oops: Enabled (32-bit)
 Heap Region Size: 1M
 Heap Min Capacity: 8M
 Heap Initial Capacity: 128M
 Heap Max Capacity: 2G
 Pre-touch: Disabled
 Parallel Workers: 2
 Concurrent Workers: 1
 Concurrent Refinement Workers: 2
 Periodic GC: Disabled
Heap:
 garbage-first heap   total 34816K, used 13732K [0x0000000080000000, 0x0000000100000000)
  region size 1024K, 4 young (4096K), 2 survivors (2048K)
 Metaspace       used 39167K, committed 39488K, reserved 1089536K
  class space    used 4465K, committed 4608K, reserved 1048576K
GC Heap History (20 events):
Event: 246315.094 GC heap before
{Heap before GC invocations=132 (full 0):
 garbage-first heap   total 45056K, used 37706K [0x0000000080000000, 0x0000000100000000)
  region size 1024K, 25 young (25600K), 1 survivors (1024K)
 Metaspace       used 38345K, committed 38656K, reserved 1089536K
  class space    used 4425K, committed 4544K, reserved 1048576K
}
Event: 246315.095 GC heap after
{Heap after GC invocations=133 (full 0):
 garbage-first heap   total 45056K, used 13130K [0x0000000080000000, 0x0000000100000000)
  region size 1024K, 1 young (1024K), 1 survivors (1024K)
 Metaspace       used 38345K, committed 38656K, reserved 1089536K
  class space    used 4425K, committed 4544K, reserved 1048576K
}
Event: 248348.928 GC heap before
{Heap before GC invocations=133 (full 0):
 garbage-first heap   total 45056K, used 37706K [0x0000000080000000, 0x0000000100000000)
  region size 1024K, 25 young (25600K), 1 survivors (1024K)
 Metaspace       used 38345K, committed 38656K, reserved 1089536K
  class space    used 4425K, committed 4544K, reserved 1048576K
}
Event: 248348.930 GC heap after
{Heap after GC invocations=134 (full 0):
 garbage-first heap   total 45056K, used 13128K [0x0000000080000000, 0x0000000100000000)
  region size 1024K, 1 young (1024K), 1 survivors (1024K)
 Metaspace       used 38345K, committed 38656K, reserved 1089536K
  class space    used 4425K, committed 4544K, reserved 1048576K
}
Event: 250392.245 GC heap before
{Heap before GC invocations=134 (full 0):
 garbage-first heap   total 45056K, used 37704K [0x0000000080000000, 0x0000000100000000)
  region size 1024K, 25 young (25600K), 1 survivors (1024K)
 Metaspace       used 38345K, committed 38656K, reserved 1089536K
  class space    used 4425K, committed 4544K, reserved 1048576K
}
Event: 250392.246 GC heap after
{Heap after GC invocations=135 (full 0):
 garbage-first heap   total 45056K, used 13130K [0x0000000080000000, 0x0000000100000000)
  region size 1024K, 1 young (1024K), 1 survivors (1024K)
 Metaspace       used 38345K, committed 38656K, reserved 1089536K
  class space    used 4425K, committed 4544K, reserved 1048576K
}
Event: 252422.808 GC heap before
{Heap before GC invocations=135 (full 0):
 garbage-first heap   total 45056K, used 37706K [0x0000000080000000, 0x0000000100000000)
  region size 1024K, 25 young (25600K), 1 survivors (1024K)
 Metaspace       used 38345K, committed 38656K, reserved 1089536K
  class space    used 4425K, committed 4544K, reserved 1048576K
}
Event: 252422.810 GC heap after
{Heap after GC invocations=136 (full 0):
 garbage-first heap   total 45056K, used 13130K [0x0000000080000000, 0x0000000100000000)
  region size 1024K, 1 young (1024K), 1 survivors (1024K)
 Metaspace       used 38345K, committed 38656K, reserved 1089536K
  class space    used 4425K, committed 4544K, reserved 1048576K
}
Event: 254448.346 GC heap before
{Heap before GC invocations=136 (full 0):
 garbage-first heap   total 45056K, used 37706K [0x0000000080000000, 0x0000000100000000)
  region size 1024K, 25 young (25600K), 1 survivors (1024K)
 Metaspace       used 38345K, committed 38656K, reserved 1089536K
  class space    used 4425K, committed 4544K, reserved 1048576K
}
Event: 254448.348 GC heap after
{Heap after GC invocations=137 (full 0):
 garbage-first heap   total 45056K, used 13130K [0x0000000080000000, 0x0000000100000000)
  region size 1024K, 1 young (1024K), 1 survivors (1024K)
 Metaspace       used 38345K, committed 38656K, reserved 1089536K
  class space    used 4425K, committed 4544K, reserved 1048576K
}
Event: 256480.442 GC heap before
{Heap before GC invocations=137 (full 0):
 garbage-first heap   total 45056K, used 37706K [0x0000000080000000, 0x0000000100000000)
  region size 1024K, 25 young (25600K), 1 survivors (1024K)
 Metaspace       used 38345K, committed 38656K, reserved 1089536K
  class space    used 4425K, committed 4544K, reserved 1048576K
}
Event: 256480.443 GC heap after
{Heap after GC invocations=138 (full 0):
 garbage-first heap   total 45056K, used 13132K [0x0000000080000000, 0x0000000100000000)
  region size 1024K, 1 young (1024K), 1 survivors (1024K)
 Metaspace       used 38345K, committed 38656K, reserved 1089536K
  class space    used 4425K, committed 4544K, reserved 1048576K
}
Event: 257118.962 GC heap before
{Heap before GC invocations=138 (full 0):
 garbage-first heap   total 45056K, used 22348K [0x0000000080000000, 0x0000000100000000)
  region size 1024K, 11 young (11264K), 1 survivors (1024K)
 Metaspace       used 38498K, committed 38848K, reserved 1089536K
  class space    used 4449K, committed 4608K, reserved 1048576K
}
Event: 257119.095 GC heap after
{Heap after GC invocations=139 (full 1):
 garbage-first heap   total 34816K, used 9943K [0x0000000080000000, 0x0000000100000000)
  region size 1024K, 0 young (0K), 0 survivors (0K)
 Metaspace       used 38444K, committed 38848K, reserved 1089536K
  class space    used 4437K, committed 4608K, reserved 1048576K
}
Event: 257125.620 GC heap before
{Heap before GC invocations=139 (full 1):
 garbage-first heap   total 34816K, used 29399K [0x0000000080000000, 0x0000000100000000)
  region size 1024K, 19 young (19456K), 0 survivors (0K)
 Metaspace       used 38836K, committed 39168K, reserved 1089536K
  class space    used 4454K, committed 4608K, reserved 1048576K
}
Event: 257125.634 GC heap after
{Heap after GC invocations=140 (full 1):
 garbage-first heap   total 34816K, used 12135K [0x0000000080000000, 0x0000000100000000)
  region size 1024K, 3 young (3072K), 3 survivors (3072K)
 Metaspace       used 38836K, committed 39168K, reserved 1089536K
  class space    used 4454K, committed 4608K, reserved 1048576K
}
Event: 257150.331 GC heap before
{Heap before GC invocations=140 (full 1):
 garbage-first heap   total 34816K, used 18279K [0x0000000080000000, 0x0000000100000000)
  region size 1024K, 10 young (10240K), 3 survivors (3072K)
 Metaspace       used 39009K, committed 39360K, reserved 1089536K
  class space    used 4459K, committed 4608K, reserved 1048576K
}
Event: 257150.380 GC heap after
{Heap after GC invocations=141 (full 2):
 garbage-first heap   total 34816K, used 11213K [0x0000000080000000, 0x0000000100000000)
  region size 1024K, 0 young (0K), 0 survivors (0K)
 Metaspace       used 39007K, committed 39360K, reserved 1089536K
  class space    used 4459K, committed 4608K, reserved 1048576K
}
Event: 257150.763 GC heap before
{Heap before GC invocations=141 (full 2):
 garbage-first heap   total 34816K, used 26573K [0x0000000080000000, 0x0000000100000000)
  region size 1024K, 15 young (15360K), 0 survivors (0K)
 Metaspace       used 39162K, committed 39488K, reserved 1089536K
  class space    used 4465K, committed 4608K, reserved 1048576K
}
Event: 257150.767 GC heap after
{Heap after GC invocations=142 (full 2):
 garbage-first heap   total 34816K, used 12708K [0x0000000080000000, 0x0000000100000000)
  region size 1024K, 2 young (2048K), 2 survivors (2048K)
 Metaspace       used 39162K, committed 39488K, reserved 1089536K
  class space    used 4465K, committed 4608K, reserved 1048576K
}

